

Started GET "/" for ::1 at 2017-02-12 17:29:35 -0500

PG::ConnectionBad - FATAL:  database "inConcert_development" does not exist
:
  activerecord (4.2.0) lib/active_record/connection_adapters/postgresql_adapter.rb:651:in `connect'
  activerecord (4.2.0) lib/active_record/connection_adapters/postgresql_adapter.rb:242:in `initialize'
  activerecord (4.2.0) lib/active_record/connection_adapters/postgresql_adapter.rb:44:in `postgresql_connection'
  activerecord (4.2.0) lib/active_record/connection_adapters/abstract/connection_pool.rb:436:in `new_connection'
  activerecord (4.2.0) lib/active_record/connection_adapters/abstract/connection_pool.rb:446:in `checkout_new_connection'
  activerecord (4.2.0) lib/active_record/connection_adapters/abstract/connection_pool.rb:422:in `acquire_connection'
  activerecord (4.2.0) lib/active_record/connection_adapters/abstract/connection_pool.rb:349:in `block in checkout'
  /Users/matthewgoldman/.rbenv/versions/2.2.2/lib/ruby/2.2.0/monitor.rb:211:in `mon_synchronize'
  activerecord (4.2.0) lib/active_record/connection_adapters/abstract/connection_pool.rb:348:in `checkout'
  activerecord (4.2.0) lib/active_record/connection_adapters/abstract/connection_pool.rb:263:in `block in connection'
  /Users/matthewgoldman/.rbenv/versions/2.2.2/lib/ruby/2.2.0/monitor.rb:211:in `mon_synchronize'
  activerecord (4.2.0) lib/active_record/connection_adapters/abstract/connection_pool.rb:262:in `connection'
  activerecord (4.2.0) lib/active_record/connection_adapters/abstract/connection_pool.rb:565:in `retrieve_connection'
  activerecord (4.2.0) lib/active_record/connection_handling.rb:113:in `retrieve_connection'
  activerecord (4.2.0) lib/active_record/connection_handling.rb:87:in `connection'
  activerecord (4.2.0) lib/active_record/migration.rb:384:in `connection'
  activerecord (4.2.0) lib/active_record/migration.rb:371:in `call'
  actionpack (4.2.0) lib/action_dispatch/middleware/callbacks.rb:29:in `block in call'
  activesupport (4.2.0) lib/active_support/callbacks.rb:88:in `_run_callbacks'
  activesupport (4.2.0) lib/active_support/callbacks.rb:734:in `_run_call_callbacks'
  activesupport (4.2.0) lib/active_support/callbacks.rb:81:in `run_callbacks'
  actionpack (4.2.0) lib/action_dispatch/middleware/callbacks.rb:27:in `call'
  actionpack (4.2.0) lib/action_dispatch/middleware/reloader.rb:73:in `call'
  actionpack (4.2.0) lib/action_dispatch/middleware/remote_ip.rb:78:in `call'
  better_errors (2.1.1) lib/better_errors/middleware.rb:84:in `protected_app_call'
  better_errors (2.1.1) lib/better_errors/middleware.rb:79:in `better_errors_call'
  better_errors (2.1.1) lib/better_errors/middleware.rb:57:in `call'
  actionpack (4.2.0) lib/action_dispatch/middleware/debug_exceptions.rb:17:in `call'
  web-console (2.3.0) lib/web_console/middleware.rb:28:in `block in call'
  web-console (2.3.0) lib/web_console/middleware.rb:18:in `call'
  actionpack (4.2.0) lib/action_dispatch/middleware/show_exceptions.rb:30:in `call'
  railties (4.2.0) lib/rails/rack/logger.rb:38:in `call_app'
  railties (4.2.0) lib/rails/rack/logger.rb:20:in `block in call'
  activesupport (4.2.0) lib/active_support/tagged_logging.rb:68:in `block in tagged'
  activesupport (4.2.0) lib/active_support/tagged_logging.rb:26:in `tagged'
  activesupport (4.2.0) lib/active_support/tagged_logging.rb:68:in `tagged'
  railties (4.2.0) lib/rails/rack/logger.rb:20:in `call'
  actionpack (4.2.0) lib/action_dispatch/middleware/request_id.rb:21:in `call'
  rack (1.6.5) lib/rack/methodoverride.rb:22:in `call'
  rack (1.6.5) lib/rack/runtime.rb:18:in `call'
  activesupport (4.2.0) lib/active_support/cache/strategy/local_cache_middleware.rb:28:in `call'
  rack (1.6.5) lib/rack/lock.rb:17:in `call'
  actionpack (4.2.0) lib/action_dispatch/middleware/static.rb:113:in `call'
  rack (1.6.5) lib/rack/sendfile.rb:113:in `call'
  railties (4.2.0) lib/rails/engine.rb:518:in `call'
  railties (4.2.0) lib/rails/application.rb:164:in `call'
  rack (1.6.5) lib/rack/lock.rb:17:in `call'
  rack (1.6.5) lib/rack/content_length.rb:15:in `call'
  rack (1.6.5) lib/rack/handler/webrick.rb:88:in `service'
  /Users/matthewgoldman/.rbenv/versions/2.2.2/lib/ruby/2.2.0/webrick/httpserver.rb:138:in `service'
  /Users/matthewgoldman/.rbenv/versions/2.2.2/lib/ruby/2.2.0/webrick/httpserver.rb:94:in `run'
  /Users/matthewgoldman/.rbenv/versions/2.2.2/lib/ruby/2.2.0/webrick/server.rb:294:in `block in start_thread'



Started POST "/__better_errors/a6d326a4f7adeadc/variables" for ::1 at 2017-02-12 17:29:36 -0500


Started GET "/" for ::1 at 2017-02-12 17:30:02 -0500
Processing by StaticPagesController#root as HTML
  Rendered static_pages/root.html.erb within layouts/application (1.4ms)
Completed 200 OK in 847ms (Views: 846.7ms | ActiveRecord: 0.0ms)


Started GET "/assets/bundle.self-41dbdc82321f1e21850ad69f5454d62183f07df60179a46426551147483e1f8e.js?body=1" for ::1 at 2017-02-12 17:30:03 -0500
  [1m[36m (54.3ms)[0m  [1mCREATE TABLE "schema_migrations" ("version" character varying NOT NULL) [0m
  [1m[35m (2.2ms)[0m  CREATE UNIQUE INDEX  "unique_schema_migrations" ON "schema_migrations"  ("version")
  [1m[36mActiveRecord::SchemaMigration Load (0.4ms)[0m  [1mSELECT "schema_migrations".* FROM "schema_migrations"[0m
Migrating to CreateUsers (20170212223130)
  [1m[35m (6.2ms)[0m  BEGIN
  [1m[36m (30.7ms)[0m  [1mCREATE TABLE "users" ("id" serial primary key, "username" character varying NOT NULL, "password_digest" character varying NOT NULL, "session_token" character varying NOT NULL, "created_at" timestamp NOT NULL, "updated_at" timestamp NOT NULL) [0m
  [1m[35m (1.5ms)[0m  CREATE  INDEX  "index_users_on_username" ON "users"  ("username")
  [1m[36m (1.6ms)[0m  [1mCREATE  INDEX  "index_users_on_session_token" ON "users"  ("session_token")[0m
  [1m[35mSQL (24.2ms)[0m  INSERT INTO "schema_migrations" ("version") VALUES ($1)  [["version", "20170212223130"]]
  [1m[36m (2.5ms)[0m  [1mCOMMIT[0m
  [1m[35mActiveRecord::SchemaMigration Load (6.4ms)[0m  SELECT "schema_migrations".* FROM "schema_migrations"
  [1m[36m (4.7ms)[0m  [1mSELECT t2.oid::regclass::text AS to_table, a1.attname AS column, a2.attname AS primary_key, c.conname AS name, c.confupdtype AS on_update, c.confdeltype AS on_delete
FROM pg_constraint c
JOIN pg_class t1 ON c.conrelid = t1.oid
JOIN pg_class t2 ON c.confrelid = t2.oid
JOIN pg_attribute a1 ON a1.attnum = c.conkey[1] AND a1.attrelid = t1.oid
JOIN pg_attribute a2 ON a2.attnum = c.confkey[1] AND a2.attrelid = t2.oid
JOIN pg_namespace t3 ON c.connamespace = t3.oid
WHERE c.contype = 'f'
  AND t1.relname = 'users'
  AND t3.nspname = ANY (current_schemas(false))
ORDER BY c.conname
[0m


Started GET "/" for ::1 at 2017-02-12 19:02:48 -0500
  [1m[36mActiveRecord::SchemaMigration Load (0.6ms)[0m  [1mSELECT "schema_migrations".* FROM "schema_migrations"[0m
Processing by StaticPagesController#root as HTML
  Rendered static_pages/root.html.erb within layouts/application (0.1ms)
Completed 200 OK in 204ms (Views: 203.8ms | ActiveRecord: 0.0ms)


Started GET "/assets/bundle.js.map" for ::1 at 2017-02-12 19:02:52 -0500


Started POST "/api/users" for ::1 at 2017-02-12 19:05:52 -0500
Processing by Api::UsersController#create as JSON
  Parameters: {"user"=>{"username"=>"Matt", "password"=>"[FILTERED]"}}
  [1m[35m (0.1ms)[0m  BEGIN
  [1m[36mSQL (19.3ms)[0m  [1mINSERT INTO "users" ("username", "password_digest", "session_token", "created_at", "updated_at") VALUES ($1, $2, $3, $4, $5) RETURNING "id"[0m  [["username", "Matt"], ["password_digest", "$2a$10$a1R23Jqry3JJkX3tgAfG7uzjXBMK/ANm5LDYzS4U4sxQs9qV/GTNe"], ["session_token", "0-Nmdpy86Fg2BMst0mUdxA"], ["created_at", "2017-02-13 00:05:52.776666"], ["updated_at", "2017-02-13 00:05:52.776666"]]
  [1m[35m (0.9ms)[0m  COMMIT
  [1m[36m (0.1ms)[0m  [1mBEGIN[0m
  [1m[35mSQL (6.5ms)[0m  UPDATE "users" SET "session_token" = $1, "updated_at" = $2 WHERE "users"."id" = $3  [["session_token", "6aHxxQ_vtc8qyXvlHve2NQ"], ["updated_at", "2017-02-13 00:05:52.809973"], ["id", 1]]
  [1m[36m (0.5ms)[0m  [1mCOMMIT[0m
  Rendered api/users/_user.json.jbuilder (0.5ms)
  Rendered api/users/show.json.jbuilder (11.9ms)
Completed 200 OK in 171ms (Views: 20.0ms | ActiveRecord: 31.0ms)


Started POST "/api/sessions" for ::1 at 2017-02-12 19:06:22 -0500

ActionController::RoutingError (No route matches [POST] "/api/sessions"):
  actionpack (4.2.0) lib/action_dispatch/middleware/debug_exceptions.rb:21:in `call'
  web-console (2.3.0) lib/web_console/middleware.rb:28:in `block in call'
  web-console (2.3.0) lib/web_console/middleware.rb:18:in `catch'
  web-console (2.3.0) lib/web_console/middleware.rb:18:in `call'
  actionpack (4.2.0) lib/action_dispatch/middleware/show_exceptions.rb:30:in `call'
  railties (4.2.0) lib/rails/rack/logger.rb:38:in `call_app'
  railties (4.2.0) lib/rails/rack/logger.rb:20:in `block in call'
  activesupport (4.2.0) lib/active_support/tagged_logging.rb:68:in `block in tagged'
  activesupport (4.2.0) lib/active_support/tagged_logging.rb:26:in `tagged'
  activesupport (4.2.0) lib/active_support/tagged_logging.rb:68:in `tagged'
  railties (4.2.0) lib/rails/rack/logger.rb:20:in `call'
  actionpack (4.2.0) lib/action_dispatch/middleware/request_id.rb:21:in `call'
  rack (1.6.5) lib/rack/methodoverride.rb:22:in `call'
  rack (1.6.5) lib/rack/runtime.rb:18:in `call'
  activesupport (4.2.0) lib/active_support/cache/strategy/local_cache_middleware.rb:28:in `call'
  rack (1.6.5) lib/rack/lock.rb:17:in `call'
  actionpack (4.2.0) lib/action_dispatch/middleware/static.rb:113:in `call'
  rack (1.6.5) lib/rack/sendfile.rb:113:in `call'
  railties (4.2.0) lib/rails/engine.rb:518:in `call'
  railties (4.2.0) lib/rails/application.rb:164:in `call'
  rack (1.6.5) lib/rack/lock.rb:17:in `call'
  rack (1.6.5) lib/rack/content_length.rb:15:in `call'
  rack (1.6.5) lib/rack/handler/webrick.rb:88:in `service'
  /Users/matthewgoldman/.rbenv/versions/2.2.2/lib/ruby/2.2.0/webrick/httpserver.rb:138:in `service'
  /Users/matthewgoldman/.rbenv/versions/2.2.2/lib/ruby/2.2.0/webrick/httpserver.rb:94:in `run'
  /Users/matthewgoldman/.rbenv/versions/2.2.2/lib/ruby/2.2.0/webrick/server.rb:294:in `block in start_thread'


  Rendered /Users/matthewgoldman/.rbenv/versions/2.2.2/lib/ruby/gems/2.2.0/gems/actionpack-4.2.0/lib/action_dispatch/middleware/templates/rescues/_trace.text.erb (0.8ms)
  Rendered /Users/matthewgoldman/.rbenv/versions/2.2.2/lib/ruby/gems/2.2.0/gems/actionpack-4.2.0/lib/action_dispatch/middleware/templates/rescues/routing_error.text.erb (23.6ms)


Started POST "/api/session" for ::1 at 2017-02-12 19:06:43 -0500
Processing by Api::SessionsController#create as JSON
  Parameters: {"user"=>{"username"=>"Matt", "password"=>"[FILTERED]"}}
  [1m[35mUser Load (12.5ms)[0m  SELECT  "users".* FROM "users" WHERE "users"."username" = $1 LIMIT 1  [["username", "Matt"]]
  [1m[36m (0.2ms)[0m  [1mBEGIN[0m
  [1m[35mSQL (0.4ms)[0m  UPDATE "users" SET "session_token" = $1, "updated_at" = $2 WHERE "users"."id" = $3  [["session_token", "BUGxUv3xsUFF7FJFp8prPg"], ["updated_at", "2017-02-13 00:06:43.690518"], ["id", 1]]
  [1m[36m (1.3ms)[0m  [1mCOMMIT[0m
Redirected to http://localhost:3000/api/users/1
Completed 302 Found in 97ms (ActiveRecord: 14.4ms)


Started GET "/api/users/1" for ::1 at 2017-02-12 19:06:43 -0500
Processing by Api::UsersController#show as JSON
  Parameters: {"id"=>"1"}
  [1m[35mUser Load (0.3ms)[0m  SELECT  "users".* FROM "users" WHERE "users"."id" = $1 LIMIT 1  [["id", 1]]
  Rendered api/users/_user.json.jbuilder (0.1ms)
  Rendered api/users/show.json.jbuilder (1.3ms)
Completed 200 OK in 9ms (Views: 7.7ms | ActiveRecord: 0.3ms)


Started DELETE "/api/session" for ::1 at 2017-02-12 19:07:23 -0500
Processing by Api::SessionsController#destroy as JSON
  [1m[36mUser Load (0.3ms)[0m  [1mSELECT  "users".* FROM "users" WHERE "users"."session_token" = $1 LIMIT 1[0m  [["session_token", "BUGxUv3xsUFF7FJFp8prPg"]]
  [1m[35m (0.1ms)[0m  BEGIN
  [1m[36mSQL (0.4ms)[0m  [1mUPDATE "users" SET "session_token" = $1, "updated_at" = $2 WHERE "users"."id" = $3[0m  [["session_token", "Y4QZ4LPAvNg3P6dg2gbM3g"], ["updated_at", "2017-02-13 00:07:23.688782"], ["id", 1]]
  [1m[35m (1.3ms)[0m  COMMIT
Completed 200 OK in 7ms (Views: 0.1ms | ActiveRecord: 2.1ms)


Started GET "/" for ::1 at 2017-02-12 19:37:15 -0500
Processing by StaticPagesController#root as HTML
  Rendered static_pages/root.html.erb within layouts/application (0.1ms)
Completed 200 OK in 100ms (Views: 99.6ms | ActiveRecord: 0.0ms)


Started GET "/assets/bundle.self-2f74585d52d6751775d0f1e51ed0a18729cd30e365d30cea3311e7e1194e23be.js?body=1" for ::1 at 2017-02-12 19:37:15 -0500


Started GET "/assets/bundle.js.map" for ::1 at 2017-02-12 19:37:15 -0500


Started GET "/" for ::1 at 2017-02-12 19:37:30 -0500
Processing by StaticPagesController#root as HTML
  Rendered static_pages/root.html.erb within layouts/application (0.0ms)
Completed 200 OK in 327ms (Views: 326.0ms | ActiveRecord: 0.0ms)


Started GET "/assets/bundle.self-0dfec87ca57d3993c13770011bee48f27151f05be2722144c66d2de88db5ecc6.js?body=1" for ::1 at 2017-02-12 19:37:30 -0500


Started GET "/assets/bundle.js.map" for ::1 at 2017-02-12 19:37:30 -0500


Started GET "/" for ::1 at 2017-02-12 19:37:31 -0500
Processing by StaticPagesController#root as HTML
  Rendered static_pages/root.html.erb within layouts/application (0.1ms)
Completed 200 OK in 14ms (Views: 14.2ms | ActiveRecord: 0.0ms)


Started GET "/assets/bundle.js.map" for ::1 at 2017-02-12 19:37:31 -0500


Started GET "/" for ::1 at 2017-02-12 19:38:30 -0500
Processing by StaticPagesController#root as HTML
  Rendered static_pages/root.html.erb within layouts/application (0.0ms)
Completed 200 OK in 259ms (Views: 258.4ms | ActiveRecord: 0.0ms)


Started GET "/assets/bundle.self-c6802c35d98f57a8d22e405500a0f667efaf4617361ffdbf4980eff37302799f.js?body=1" for ::1 at 2017-02-12 19:38:31 -0500


Started GET "/assets/bundle.js.map" for ::1 at 2017-02-12 19:38:31 -0500


Started GET "/" for ::1 at 2017-02-12 19:43:52 -0500
Processing by StaticPagesController#root as HTML
  Rendered static_pages/root.html.erb within layouts/application (0.0ms)
Completed 200 OK in 317ms (Views: 316.4ms | ActiveRecord: 0.0ms)


Started GET "/assets/bundle.self-24e9b0391999e306a40344108896f21ad2d6b61291cadad200f919bec36fb212.js?body=1" for ::1 at 2017-02-12 19:43:52 -0500


Started GET "/assets/bundle.js.map" for ::1 at 2017-02-12 19:43:52 -0500


Started GET "/" for ::1 at 2017-02-12 19:44:39 -0500
Processing by StaticPagesController#root as HTML
  Rendered static_pages/root.html.erb within layouts/application (0.1ms)
Completed 200 OK in 296ms (Views: 295.9ms | ActiveRecord: 0.0ms)


Started GET "/assets/bundle.self-52b0a50cf1b12e3bc7d6bfe8bc919501285e9783a962c5e62af02f362e13b8ff.js?body=1" for ::1 at 2017-02-12 19:44:39 -0500


Started GET "/assets/bundle.js.map" for ::1 at 2017-02-12 19:44:40 -0500


Started GET "/" for ::1 at 2017-02-12 19:44:41 -0500
Processing by StaticPagesController#root as HTML
  Rendered static_pages/root.html.erb within layouts/application (0.0ms)
Completed 200 OK in 25ms (Views: 24.9ms | ActiveRecord: 0.0ms)


Started GET "/assets/bundle.js.map" for ::1 at 2017-02-12 19:44:42 -0500


Started GET "/" for ::1 at 2017-02-12 19:44:43 -0500
Processing by StaticPagesController#root as HTML
  Rendered static_pages/root.html.erb within layouts/application (0.0ms)
Completed 200 OK in 15ms (Views: 15.1ms | ActiveRecord: 0.0ms)


Started GET "/assets/bundle.js.map" for ::1 at 2017-02-12 19:44:43 -0500


Started GET "/" for ::1 at 2017-02-12 19:45:09 -0500
Processing by StaticPagesController#root as HTML
  Rendered static_pages/root.html.erb within layouts/application (0.0ms)
Completed 200 OK in 296ms (Views: 295.8ms | ActiveRecord: 0.0ms)


Started GET "/assets/bundle.self-802757f8361386ccab5380beb8b91b307427a0588998f667826d7b407ac9181d.js?body=1" for ::1 at 2017-02-12 19:45:10 -0500


Started GET "/assets/bundle.js.map" for ::1 at 2017-02-12 19:45:10 -0500


Started GET "/" for ::1 at 2017-02-12 19:45:37 -0500
Processing by StaticPagesController#root as HTML
  Rendered static_pages/root.html.erb within layouts/application (0.0ms)
Completed 200 OK in 303ms (Views: 303.1ms | ActiveRecord: 0.0ms)


Started GET "/assets/bundle.self-9980c36f647e4b438fad7fe5262c25b009b8f06354687667b0d5b5b4ffc745da.js?body=1" for ::1 at 2017-02-12 19:45:37 -0500


Started GET "/assets/bundle.js.map" for ::1 at 2017-02-12 19:45:38 -0500


Started GET "/" for ::1 at 2017-02-12 19:57:55 -0500
Processing by StaticPagesController#root as HTML
  Rendered static_pages/root.html.erb within layouts/application (0.2ms)
Completed 200 OK in 91ms (Views: 90.7ms | ActiveRecord: 0.0ms)


Started GET "/assets/bundle.js.map" for ::1 at 2017-02-12 19:57:55 -0500


Started GET "/" for ::1 at 2017-02-12 19:59:19 -0500
Processing by StaticPagesController#root as HTML
  Rendered static_pages/root.html.erb within layouts/application (0.1ms)
Completed 200 OK in 381ms (Views: 380.9ms | ActiveRecord: 0.0ms)


Started GET "/assets/bundle.self-5a67abed21db836c39dcfde5b6aa3c766e13d08136beca221982039dc321678d.js?body=1" for ::1 at 2017-02-12 19:59:19 -0500


Started GET "/assets/bundle.js.map" for ::1 at 2017-02-12 19:59:20 -0500


Started GET "/" for ::1 at 2017-02-12 20:01:57 -0500
Processing by StaticPagesController#root as HTML
  Rendered static_pages/root.html.erb within layouts/application (0.0ms)
Completed 200 OK in 428ms (Views: 428.2ms | ActiveRecord: 0.0ms)


Started GET "/assets/bundle.self-ecd40c6d12915ba1a2f5ea9009939eee090db8eb2b39b8da4c4af2e5538a47ed.js?body=1" for ::1 at 2017-02-12 20:01:57 -0500


Started GET "/assets/bundle.js.map" for ::1 at 2017-02-12 20:01:57 -0500


Started GET "/" for ::1 at 2017-02-12 20:02:57 -0500
Processing by StaticPagesController#root as HTML
  Rendered static_pages/root.html.erb within layouts/application (0.0ms)
Completed 200 OK in 337ms (Views: 337.0ms | ActiveRecord: 0.0ms)


Started GET "/assets/bundle.self-332ce3f9d5a6eb94d53779064a98246e2e0eda3fde265bbbb549f583e0ce8115.js?body=1" for ::1 at 2017-02-12 20:02:58 -0500


Started GET "/assets/bundle.js.map" for ::1 at 2017-02-12 20:02:58 -0500
